2014-05-28 12:11:39 8352 [Note] Plugin 'FEDERATED' is disabled.
MySQL: Table 'mysql.plugin' doesn't exist
2014-05-28 12:11:39 8352 [ERROR] Can't open the mysql.plugin table. Please run mysql_upgrade to create it.
2014-05-28 12:11:39 8352 [Note] InnoDB: Using atomics to ref count buffer pool pages
2014-05-28 12:11:39 8352 [Note] InnoDB: The InnoDB memory heap is disabled
2014-05-28 12:11:39 8352 [Note] InnoDB: Mutexes and rw_locks use Windows interlocked functions
2014-05-28 12:11:39 8352 [Note] InnoDB: Compressed tables use zlib 1.2.3
2014-05-28 12:11:39 8352 [Note] InnoDB: Not using CPU crc32 instructions
2014-05-28 12:11:39 8352 [Note] InnoDB: Initializing buffer pool, size = 128.0M
2014-05-28 12:11:39 8352 [Note] InnoDB: Completed initialization of buffer pool
2014-05-28 12:11:39 8352 [Note] InnoDB: The first specified data file .\ibdata1 did not exist: a new database to be created!
2014-05-28 12:11:39 8352 [Note] InnoDB: Setting file .\ibdata1 size to 12 MB
2014-05-28 12:11:39 8352 [Note] InnoDB: Database physically writes the file full: wait...
2014-05-28 12:11:39 8352 [Note] InnoDB: Setting log file .\ib_logfile101 size to 48 MB
2014-05-28 12:11:40 8352 [Note] InnoDB: Setting log file .\ib_logfile1 size to 48 MB
2014-05-28 12:11:41 8352 [Note] InnoDB: Renaming log file .\ib_logfile101 to .\ib_logfile0
2014-05-28 12:11:41 8352 [Warning] InnoDB: New log files created, LSN=45781
2014-05-28 12:11:41 8352 [Note] InnoDB: Doublewrite buffer not found: creating new
2014-05-28 12:11:41 8352 [Note] InnoDB: Doublewrite buffer created
2014-05-28 12:11:41 8352 [Note] InnoDB: 128 rollback segment(s) are active.
2014-05-28 12:11:41 8352 [Warning] InnoDB: Creating foreign key constraint system tables.
2014-05-28 12:11:41 8352 [Note] InnoDB: Foreign key constraint system tables created
2014-05-28 12:11:41 8352 [Note] InnoDB: Creating tablespace and datafile system tables.
2014-05-28 12:11:41 8352 [Note] InnoDB: Tablespace and datafile system tables created.
2014-05-28 12:11:41 8352 [Note] InnoDB: Waiting for purge to start
2014-05-28 12:11:42 8352 [Note] InnoDB: 5.6.17 started; log sequence number 0
2014-05-28 12:11:42 8352 [Warning] No existing UUID has been found, so we assume that this is the first time that this server has been started. Generating a new UUID: 2c751e1f-e61e-11e3-9f6b-00ffec57b6bb.
2014-05-28 12:11:42 8352 [Note] Server hostname (bind-address): '*'; port: 3306
2014-05-28 12:11:42 8352 [Note] IPv6 is available.
2014-05-28 12:11:42 8352 [Note]   - '::' resolves to '::';
2014-05-28 12:11:42 8352 [Note] Server socket created on IP: '::'.
2014-05-28 12:11:42 8352 [ERROR] Fatal error: Can't open and lock privilege tables: Table 'mysql.user' doesn't exist
